[1004/132611.122:ERROR:process_memory_win.cc(73)] ReadMemory at 0x420000 of 64 bytes failed: Seule une partie d’une requête ReadProcessMemory ou WriteProcessMemory a été effectuée. (0x12B)
[1004/132611.126:WARNING:pe_image_reader.cc(340)] could not read dos header from C:\Program Files (x86)\Google\Chrome\Application\chrome.exe
[1004/132611.126:ERROR:process_memory_win.cc(73)] ReadMemory at 0x420000 of 64 bytes failed: Seule une partie d’une requête ReadProcessMemory ou WriteProcessMemory a été effectuée. (0x12B)
[1004/132611.126:WARNING:pe_image_reader.cc(340)] could not read dos header from C:\Program Files (x86)\Google\Chrome\Application\chrome.exe
[1004/132611.126:ERROR:process_memory_win.cc(73)] ReadMemory at 0x77380000 of 64 bytes failed: Seule une partie d’une requête ReadProcessMemory ou WriteProcessMemory a été effectuée. (0x12B)
[1004/132611.126:WARNING:pe_image_reader.cc(340)] could not read dos header from C:\WINDOWS\SYSTEM32\ntdll.dll
[1004/132611.126:ERROR:process_memory_win.cc(73)] ReadMemory at 0x77380000 of 64 bytes failed: Seule une partie d’une requête ReadProcessMemory ou WriteProcessMemory a été effectuée. (0x12B)
[1004/132611.126:WARNING:pe_image_reader.cc(340)] could not read dos header from C:\WINDOWS\SYSTEM32\ntdll.dll
[1004/132611.126:ERROR:process_memory_win.cc(73)] ReadMemory at 0x75830000 of 64 bytes failed: Seule une partie d’une requête ReadProcessMemory ou WriteProcessMemory a été effectuée. (0x12B)
[1004/132611.126:WARNING:pe_image_reader.cc(340)] could not read dos header from C:\WINDOWS\System32\KERNEL32.dll
[1004/132611.126:ERROR:process_memory_win.cc(73)] ReadMemory at 0x75830000 of 64 bytes failed: Seule une partie d’une requête ReadProcessMemory ou WriteProcessMemory a été effectuée. (0x12B)
[1004/132611.126:WARNING:pe_image_reader.cc(340)] could not read dos header from C:\WINDOWS\System32\KERNEL32.dll
[1004/132611.126:ERROR:process_memory_win.cc(73)] ReadMemory at 0x76110000 of 64 bytes failed: Seule une partie d’une requête ReadProcessMemory ou WriteProcessMemory a été effectuée. (0x12B)
[1004/132611.126:WARNING:pe_image_reader.cc(340)] could not read dos header from C:\WINDOWS\System32\KERNELBASE.dll
[1004/132611.126:ERROR:process_memory_win.cc(73)] ReadMemory at 0x76110000 of 64 bytes failed: Seule une partie d’une requête ReadProcessMemory ou WriteProcessMemory a été effectuée. (0x12B)
[1004/132611.130:WARNING:pe_image_reader.cc(340)] could not read dos header from C:\WINDOWS\System32\KERNELBASE.dll
[1004/132611.130:ERROR:process_memory_win.cc(73)] ReadMemory at 0x74920000 of 64 bytes failed: Seule une partie d’une requête ReadProcessMemory ou WriteProcessMemory a été effectuée. (0x12B)
[1004/132611.130:WARNING:pe_image_reader.cc(340)] could not read dos header from C:\Program Files (x86)\Google\Chrome\Application\85.0.4183.121\chrome_elf.dll
[1004/132611.130:ERROR:process_memory_win.cc(73)] ReadMemory at 0x74920000 of 64 bytes failed: Seule une partie d’une requête ReadProcessMemory ou WriteProcessMemory a été effectuée. (0x12B)
[1004/132611.130:WARNING:pe_image_reader.cc(340)] could not read dos header from C:\Program Files (x86)\Google\Chrome\Application\85.0.4183.121\chrome_elf.dll
[1004/132611.130:ERROR:process_memory_win.cc(73)] ReadMemory at 0x73de0000 of 64 bytes failed: Seule une partie d’une requête ReadProcessMemory ou WriteProcessMemory a été effectuée. (0x12B)
[1004/132611.130:WARNING:pe_image_reader.cc(340)] could not read dos header from C:\WINDOWS\SYSTEM32\VERSION.dll
[1004/132611.130:ERROR:process_memory_win.cc(73)] ReadMemory at 0x73de0000 of 64 bytes failed: Seule une partie d’une requête ReadProcessMemory ou WriteProcessMemory a été effectuée. (0x12B)
[1004/132611.130:WARNING:pe_image_reader.cc(340)] could not read dos header from C:\WINDOWS\SYSTEM32\VERSION.dll
[1004/132611.130:ERROR:process_memory_win.cc(73)] ReadMemory at 0x74b70000 of 64 bytes failed: Seule une partie d’une requête ReadProcessMemory ou WriteProcessMemory a été effectuée. (0x12B)
[1004/132611.130:WARNING:pe_image_reader.cc(340)] could not read dos header from C:\WINDOWS\System32\msvcrt.dll
[1004/132611.130:ERROR:process_memory_win.cc(73)] ReadMemory at 0x74b70000 of 64 bytes failed: Seule une partie d’une requête ReadProcessMemory ou WriteProcessMemory a été effectuée. (0x12B)
[1004/132611.130:WARNING:pe_image_reader.cc(340)] could not read dos header from C:\WINDOWS\System32\msvcrt.dll
[1004/132611.130:ERROR:process_memory_win.cc(73)] ReadMemory at 0x76460000 of 64 bytes failed: Seule une partie d’une requête ReadProcessMemory ou WriteProcessMemory a été effectuée. (0x12B)
[1004/132611.130:WARNING:pe_image_reader.cc(340)] could not read dos header from C:\WINDOWS\System32\bcryptPrimitives.dll
[1004/132611.130:ERROR:process_memory_win.cc(73)] ReadMemory at 0x76460000 of 64 bytes failed: Seule une partie d’une requête ReadProcessMemory ou WriteProcessMemory a été effectuée. (0x12B)
[1004/132611.130:WARNING:pe_image_reader.cc(340)] could not read dos header from C:\WINDOWS\System32\bcryptPrimitives.dll
[1004/132611.130:ERROR:process_memory_win.cc(73)] ReadMemory at 0x756f0000 of 64 bytes failed: Seule une partie d’une requête ReadProcessMemory ou WriteProcessMemory a été effectuée. (0x12B)
[1004/132611.130:WARNING:pe_image_reader.cc(340)] could not read dos header from C:\WINDOWS\System32\ADVAPI32.dll
[1004/132611.130:ERROR:process_memory_win.cc(73)] ReadMemory at 0x756f0000 of 64 bytes failed: Seule une partie d’une requête ReadProcessMemory ou WriteProcessMemory a été effectuée. (0x12B)
[1004/132611.130:WARNING:pe_image_reader.cc(340)] could not read dos header from C:\WINDOWS\System32\ADVAPI32.dll
[1004/132611.130:ERROR:process_memory_win.cc(73)] ReadMemory at 0x768c0000 of 64 bytes failed: Seule une partie d’une requête ReadProcessMemory ou WriteProcessMemory a été effectuée. (0x12B)
[1004/132611.130:WARNING:pe_image_reader.cc(340)] could not read dos header from C:\WINDOWS\System32\sechost.dll
[1004/132611.130:ERROR:process_memory_win.cc(73)] ReadMemory at 0x768c0000 of 64 bytes failed: Seule une partie d’une requête ReadProcessMemory ou WriteProcessMemory a été effectuée. (0x12B)
[1004/132611.130:WARNING:pe_image_reader.cc(340)] could not read dos header from C:\WINDOWS\System32\sechost.dll
[1004/132611.130:ERROR:process_memory_win.cc(73)] ReadMemory at 0x76940000 of 64 bytes failed: Seule une partie d’une requête ReadProcessMemory ou WriteProcessMemory a été effectuée. (0x12B)
[1004/132611.134:WARNING:pe_image_reader.cc(340)] could not read dos header from C:\WINDOWS\System32\RPCRT4.dll
[1004/132611.134:ERROR:process_memory_win.cc(73)] ReadMemory at 0x76940000 of 64 bytes failed: Seule une partie d’une requête ReadProcessMemory ou WriteProcessMemory a été effectuée. (0x12B)
[1004/132611.134:WARNING:pe_image_reader.cc(340)] could not read dos header from C:\WINDOWS\System32\RPCRT4.dll
[1004/132611.134:ERROR:process_memory_win.cc(73)] ReadMemory at 0x74b40000 of 64 bytes failed: Seule une partie d’une requête ReadProcessMemory ou WriteProcessMemory a été effectuée. (0x12B)
[1004/132611.134:WARNING:pe_image_reader.cc(340)] could not read dos header from C:\WINDOWS\System32\SspiCli.dll
[1004/132611.134:ERROR:process_memory_win.cc(73)] ReadMemory at 0x74b40000 of 64 bytes failed: Seule une partie d’une requête ReadProcessMemory ou WriteProcessMemory a été effectuée. (0x12B)
[1004/132611.134:WARNING:pe_image_reader.cc(340)] could not read dos header from C:\WINDOWS\System32\SspiCli.dll
[1004/132611.134:ERROR:process_memory_win.cc(73)] ReadMemory at 0x74b30000 of 64 bytes failed: Seule une partie d’une requête ReadProcessMemory ou WriteProcessMemory a été effectuée. (0x12B)
[1004/132611.134:WARNING:pe_image_reader.cc(340)] could not read dos header from C:\WINDOWS\System32\CRYPTBASE.dll
[1004/132611.134:ERROR:process_memory_win.cc(73)] ReadMemory at 0x74b30000 of 64 bytes failed: Seule une partie d’une requête ReadProcessMemory ou WriteProcessMemory a été effectuée. (0x12B)
[1004/132611.134:WARNING:pe_image_reader.cc(340)] could not read dos header from C:\WINDOWS\System32\CRYPTBASE.dll
[1004/132611.134:ERROR:process_memory_win.cc(73)] ReadMemory at 0x6a0a0000 of 64 bytes failed: Seule une partie d’une requête ReadProcessMemory ou WriteProcessMemory a été effectuée. (0x12B)
[1004/132611.134:WARNING:pe_image_reader.cc(340)] could not read dos header from C:\Program Files (x86)\Google\Chrome\Application\85.0.4183.121\chrome.dll
[1004/132611.134:ERROR:process_memory_win.cc(73)] ReadMemory at 0x6a0a0000 of 64 bytes failed: Seule une partie d’une requête ReadProcessMemory ou WriteProcessMemory a été effectuée. (0x12B)
[1004/132611.134:WARNING:pe_image_reader.cc(340)] could not read dos header from C:\Program Files (x86)\Google\Chrome\Application\85.0.4183.121\chrome.dll
[1004/132611.134:ERROR:process_memory_win.cc(73)] ReadMemory at 0x76b00000 of 64 bytes failed: Seule une partie d’une requête ReadProcessMemory ou WriteProcessMemory a été effectuée. (0x12B)
[1004/132611.134:WARNING:pe_image_reader.cc(340)] could not read dos header from C:\WINDOWS\System32\WS2_32.dll
[1004/132611.134:ERROR:process_memory_win.cc(73)] ReadMemory at 0x76b00000 of 64 bytes failed: Seule une partie d’une requête ReadProcessMemory ou WriteProcessMemory a été effectuée. (0x12B)
[1004/132611.134:WARNING:pe_image_reader.cc(340)] could not read dos header from C:\WINDOWS\System32\WS2_32.dll
[1004/132611.134:ERROR:process_memory_win.cc(73)] ReadMemory at 0x765d0000 of 64 bytes failed: Seule une partie d’une requête ReadProcessMemory ou WriteProcessMemory a été effectuée. (0x12B)
[1004/132611.134:WARNING:pe_image_reader.cc(340)] could not read dos header from C:\WINDOWS\System32\OLEAUT32.dll
[1004/132611.134:ERROR:process_memory_win.cc(73)] ReadMemory at 0x765d0000 of 64 bytes failed: Seule une partie d’une requête ReadProcessMemory ou WriteProcessMemory a été effectuée. (0x12B)
[1004/132611.134:WARNING:pe_image_reader.cc(340)] could not read dos header from C:\WINDOWS\System32\OLEAUT32.dll
[1004/132611.134:ERROR:process_memory_win.cc(73)] ReadMemory at 0x75440000 of 64 bytes failed: Seule une partie d’une requête ReadProcessMemory ou WriteProcessMemory a été effectuée. (0x12B)
[1004/132611.134:WARNING:pe_image_reader.cc(340)] could not read dos header from C:\WINDOWS\System32\msvcp_win.dll
[1004/132611.134:ERROR:process_memory_win.cc(73)] ReadMemory at 0x75440000 of 64 bytes failed: Seule une partie d’une requête ReadProcessMemory ou WriteProcessMemory a été effectuée. (0x12B)
[1004/132611.134:WARNING:pe_image_reader.cc(340)] could not read dos header from C:\WINDOWS\System32\msvcp_win.dll
[1004/132611.134:ERROR:process_memory_win.cc(73)] ReadMemory at 0x771a0000 of 64 bytes failed: Seule une partie d’une requête ReadProcessMemory ou WriteProcessMemory a été effectuée. (0x12B)
[1004/132611.134:WARNING:pe_image_reader.cc(340)] could not read dos header from C:\WINDOWS\System32\ucrtbase.dll
[1004/132611.134:ERROR:process_memory_win.cc(73)] ReadMemory at 0x771a0000 of 64 bytes failed: Seule une partie d’une requête ReadProcessMemory ou WriteProcessMemory a été effectuée. (0x12B)
[1004/132611.134:WARNING:pe_image_reader.cc(340)] could not read dos header from C:\WINDOWS\System32\ucrtbase.dll
[1004/132611.134:ERROR:process_memory_win.cc(73)] ReadMemory at 0x75e90000 of 64 bytes failed: Seule une partie d’une requête ReadProcessMemory ou WriteProcessMemory a été effectuée. (0x12B)
[1004/132611.134:WARNING:pe_image_reader.cc(340)] could not read dos header from C:\WINDOWS\System32\combase.dll
[1004/132611.134:ERROR:process_memory_win.cc(73)] ReadMemory at 0x75e90000 of 64 bytes failed: Seule une partie d’une requête ReadProcessMemory ou WriteProcessMemory a été effectuée. (0x12B)
[1004/132611.134:WARNING:pe_image_reader.cc(340)] could not read dos header from C:\WINDOWS\System32\combase.dll
[1004/132611.134:ERROR:process_memory_win.cc(73)] ReadMemory at 0x754c0000 of 64 bytes failed: Seule une partie d’une requête ReadProcessMemory ou WriteProcessMemory a été effectuée. (0x12B)
[1004/132611.134:WARNING:pe_image_reader.cc(340)] could not read dos header from C:\WINDOWS\System32\WINTRUST.dll
[1004/132611.134:ERROR:process_memory_win.cc(73)] ReadMemory at 0x754c0000 of 64 bytes failed: Seule une partie d’une requête ReadProcessMemory ou WriteProcessMemory a été effectuée. (0x12B)
[1004/132611.138:WARNING:pe_image_reader.cc(340)] could not read dos header from C:\WINDOWS\System32\WINTRUST.dll
[1004/132611.138:ERROR:process_memory_win.cc(73)] ReadMemory at 0x768b0000 of 64 bytes failed: Seule une partie d’une requête ReadProcessMemory ou WriteProcessMemory a été effectuée. (0x12B)
[1004/132611.138:WARNING:pe_image_reader.cc(340)] could not read dos header from C:\WINDOWS\System32\MSASN1.dll
[1004/132611.138:ERROR:process_memory_win.cc(73)] ReadMemory at 0x768b0000 of 64 bytes failed: Seule une partie d’une requête ReadProcessMemory ou WriteProcessMemory a été effectuée. (0x12B)
[1004/132611.138:WARNING:pe_image_reader.cc(340)] could not read dos header from C:\WINDOWS\System32\MSASN1.dll
[1004/132611.138:ERROR:process_memory_win.cc(73)] ReadMemory at 0x76360000 of 64 bytes failed: Seule une partie d’une requête ReadProcessMemory ou WriteProcessMemory a été effectuée. (0x12B)
[1004/132611.138:WARNING:pe_image_reader.cc(340)] could not read dos header from C:\WINDOWS\System32\CRYPT32.dll
[1004/132611.138:ERROR:process_memory_win.cc(73)] ReadMemory at 0x76360000 of 64 bytes failed: Seule une partie d’une requête ReadProcessMemory ou WriteProcessMemory a été effectuée. (0x12B)
[1004/132611.138:WARNING:pe_image_reader.cc(340)] could not read dos header from C:\WINDOWS\System32\CRYPT32.dll
[1004/132611.138:ERROR:process_memory_win.cc(73)] ReadMemory at 0x73d40000 of 64 bytes failed: Seule une partie d’une requête ReadProcessMemory ou WriteProcessMemory a été effectuée. (0x12B)
[1004/132611.138:WARNING:pe_image_reader.cc(340)] could not read dos header from C:\WINDOWS\SYSTEM32\IPHLPAPI.DLL
[1004/132611.138:ERROR:process_memory_win.cc(73)] ReadMemory at 0x73d40000 of 64 bytes failed: Seule une partie d’une requête ReadProcessMemory ou WriteProcessMemory a été effectuée. (0x12B)
[1004/132611.138:WARNING:pe_image_reader.cc(340)] could not read dos header from C:\WINDOWS\SYSTEM32\IPHLPAPI.DLL
[1004/132611.138:ERROR:process_memory_win.cc(73)] ReadMemory at 0x73db0000 of 64 bytes failed: Seule une partie d’une requête ReadProcessMemory ou WriteProcessMemory a été effectuée. (0x12B)
[1004/132611.138:WARNING:pe_image_reader.cc(340)] could not read dos header from C:\WINDOWS\SYSTEM32\WINMM.dll
[1004/132611.138:ERROR:process_memory_win.cc(73)] ReadMemory at 0x73db0000 of 64 bytes failed: Seule une partie d’une requête ReadProcessMemory ou WriteProcessMemory a été effectuée. (0x12B)
[1004/132611.138:WARNING:pe_image_reader.cc(340)] could not read dos header from C:\WINDOWS\SYSTEM32\WINMM.dll
[1004/132611.138:ERROR:process_memory_win.cc(73)] ReadMemory at 0x73e10000 of 64 bytes failed: Seule une partie d’une requête ReadProcessMemory ou WriteProcessMemory a été effectuée. (0x12B)
[1004/132611.138:WARNING:pe_image_reader.cc(340)] could not read dos header from C:\WINDOWS\SYSTEM32\UIAutomationCore.DLL
[1004/132611.138:ERROR:process_memory_win.cc(73)] ReadMemory at 0x73e10000 of 64 bytes failed: Seule une partie d’une requête ReadProcessMemory ou WriteProcessMemory a été effectuée. (0x12B)
[1004/132611.138:WARNING:pe_image_reader.cc(340)] could not read dos header from C:\WINDOWS\SYSTEM32\UIAutomationCore.DLL
[1004/132611.138:ERROR:process_memory_win.cc(73)] ReadMemory at 0x72f60000 of 64 bytes failed: Seule une partie d’une requête ReadProcessMemory ou WriteProcessMemory a été effectuée. (0x12B)
[1004/132611.138:WARNING:pe_image_reader.cc(340)] could not read dos header from C:\WINDOWS\SYSTEM32\Secur32.dll
[1004/132611.138:ERROR:process_memory_win.cc(73)] ReadMemory at 0x72f60000 of 64 bytes failed: Seule une partie d’une requête ReadProcessMemory ou WriteProcessMemory a été effectuée. (0x12B)
[1004/132611.138:WARNING:pe_image_reader.cc(340)] could not read dos header from C:\WINDOWS\SYSTEM32\Secur32.dll
[1004/132611.138:ERROR:process_memory_win.cc(73)] ReadMemory at 0x73920000 of 64 bytes failed: Seule une partie d’une requête ReadProcessMemory ou WriteProcessMemory a été effectuée. (0x12B)
[1004/132611.138:WARNING:pe_image_reader.cc(340)] could not read dos header from C:\WINDOWS\SYSTEM32\USERENV.dll
[1004/132611.138:ERROR:process_memory_win.cc(73)] ReadMemory at 0x73920000 of 64 bytes failed: Seule une partie d’une requête ReadProcessMemory ou WriteProcessMemory a été effectuée. (0x12B)
[1004/132611.138:WARNING:pe_image_reader.cc(340)] could not read dos header from C:\WINDOWS\SYSTEM32\USERENV.dll
[1004/132611.138:ERROR:process_memory_win.cc(73)] ReadMemory at 0x75210000 of 64 bytes failed: Seule une partie d’une requête ReadProcessMemory ou WriteProcessMemory a été effectuée. (0x12B)
[1004/132611.138:WARNING:pe_image_reader.cc(340)] could not read dos header from C:\WINDOWS\System32\profapi.dll
[1004/132611.138:ERROR:process_memory_win.cc(73)] ReadMemory at 0x75210000 of 64 bytes failed: Seule une partie d’une requête ReadProcessMemory ou WriteProcessMemory a été effectuée. (0x12B)
[1004/132611.138:WARNING:pe_image_reader.cc(340)] could not read dos header from C:\WINDOWS\System32\profapi.dll
[1004/132611.138:ERROR:process_memory_win.cc(73)] ReadMemory at 0x735d0000 of 64 bytes failed: Seule une partie d’une requête ReadProcessMemory ou WriteProcessMemory a été effectuée. (0x12B)
[1004/132611.138:WARNING:pe_image_reader.cc(340)] could not read dos header from C:\WINDOWS\SYSTEM32\DWrite.dll
[1004/132611.138:ERROR:process_memory_win.cc(73)] ReadMemory at 0x735d0000 of 64 bytes failed: Seule une partie d’une requête ReadProcessMemory ou WriteProcessMemory a été effectuée. (0x12B)
[1004/132611.138:WARNING:pe_image_reader.cc(340)] could not read dos header from C:\WINDOWS\SYSTEM32\DWrite.dll
[1004/132611.138:ERROR:process_memory_win.cc(73)] ReadMemory at 0x73560000 of 64 bytes failed: Seule une partie d’une requête ReadProcessMemory ou WriteProcessMemory a été effectuée. (0x12B)
[1004/132611.138:WARNING:pe_image_reader.cc(340)] could not read dos header from C:\WINDOWS\SYSTEM32\WINSPOOL.DRV
[1004/132611.138:ERROR:process_memory_win.cc(73)] ReadMemory at 0x73560000 of 64 bytes failed: Seule une partie d’une requête ReadProcessMemory ou WriteProcessMemory a été effectuée. (0x12B)
[1004/132611.138:WARNING:pe_image_reader.cc(340)] could not read dos header from C:\WINDOWS\SYSTEM32\WINSPOOL.DRV
[1004/132611.142:ERROR:process_memory_win.cc(73)] ReadMemory at 0x76aa0000 of 64 bytes failed: Seule une partie d’une requête ReadProcessMemory ou WriteProcessMemory a été effectuée. (0x12B)
[1004/132611.142:WARNING:pe_image_reader.cc(340)] could not read dos header from C:\WINDOWS\System32\kernel.appcore.dll
[1004/132611.142:ERROR:process_memory_win.cc(73)] ReadMemory at 0x76aa0000 of 64 bytes failed: Seule une partie d’une requête ReadProcessMemory ou WriteProcessMemory a été effectuée. (0x12B)
[1004/132611.142:WARNING:pe_image_reader.cc(340)] could not read dos header from C:\WINDOWS\System32\kernel.appcore.dll
[1004/132611.142:ERROR:process_memory_win.cc(73)] ReadMemory at 0x76a80000 of 64 bytes failed: Seule une partie d’une requête ReadProcessMemory ou WriteProcessMemory a été effectuée. (0x12B)
[1004/132611.142:WARNING:pe_image_reader.cc(340)] could not read dos header from C:\WINDOWS\System32\bcrypt.dll
[1004/132611.142:ERROR:process_memory_win.cc(73)] ReadMemory at 0x76a80000 of 64 bytes failed: Seule une partie d’une requête ReadProcessMemory ou WriteProcessMemory a été effectuée. (0x12B)
[1004/132611.142:WARNING:pe_image_reader.cc(340)] could not read dos header from C:\WINDOWS\System32\bcrypt.dll
[1004/132611.142:ERROR:process_memory_win.cc(73)] ReadMemory at 0x739f0000 of 64 bytes failed: Seule une partie d’une requête ReadProcessMemory ou WriteProcessMemory a été effectuée. (0x12B)
[1004/132611.142:WARNING:pe_image_reader.cc(340)] could not read dos header from C:\WINDOWS\SYSTEM32\dbghelp.dll
[1004/132611.142:ERROR:process_memory_win.cc(73)] ReadMemory at 0x739f0000 of 64 bytes failed: Seule une partie d’une requête ReadProcessMemory ou WriteProcessMemory a été effectuée. (0x12B)
[1004/132611.142:WARNING:pe_image_reader.cc(340)] could not read dos header from C:\WINDOWS\SYSTEM32\dbghelp.dll
[1004/132611.142:ERROR:process_memory_win.cc(73)] ReadMemory at 0x72ea0000 of 64 bytes failed: Seule une partie d’une requête ReadProcessMemory ou WriteProcessMemory a été effectuée. (0x12B)
[1004/132611.142:WARNING:pe_image_reader.cc(340)] could not read dos header from C:\WINDOWS\SYSTEM32\WINHTTP.dll
[1004/132611.142:ERROR:process_memory_win.cc(73)] ReadMemory at 0x72ea0000 of 64 bytes failed: Seule une partie d’une requête ReadProcessMemory ou WriteProcessMemory a été effectuée. (0x12B)
[1004/132611.142:WARNING:pe_image_reader.cc(340)] could not read dos header from C:\WINDOWS\SYSTEM32\WINHTTP.dll
[1004/132611.142:ERROR:process_memory_win.cc(73)] ReadMemory at 0x72ca0000 of 64 bytes failed: Seule une partie d’une requête ReadProcessMemory ou WriteProcessMemory a été effectuée. (0x12B)
[1004/132611.142:WARNING:pe_image_reader.cc(340)] could not read dos header from C:\WINDOWS\SYSTEM32\dhcpcsvc.DLL
[1004/132611.142:ERROR:process_memory_win.cc(73)] ReadMemory at 0x72ca0000 of 64 bytes failed: Seule une partie d’une requête ReadProcessMemory ou WriteProcessMemory a été effectuée. (0x12B)
[1004/132611.142:WARNING:pe_image_reader.cc(340)] could not read dos header from C:\WINDOWS\SYSTEM32\dhcpcsvc.DLL
[1004/132611.142:ERROR:process_memory_win.cc(73)] ReadMemory at 0x75420000 of 64 bytes failed: Seule une partie d’une requête ReadProcessMemory ou WriteProcessMemory a été effectuée. (0x12B)
[1004/132611.142:WARNING:pe_image_reader.cc(340)] could not read dos header from C:\WINDOWS\System32\NSI.dll
[1004/132611.142:ERROR:process_memory_win.cc(73)] ReadMemory at 0x75420000 of 64 bytes failed: Seule une partie d’une requête ReadProcessMemory ou WriteProcessMemory a été effectuée. (0x12B)
[1004/132611.142:WARNING:pe_image_reader.cc(340)] could not read dos header from C:\WINDOWS\System32\NSI.dll
[1004/132611.142:ERROR:process_memory_win.cc(73)] ReadMemory at 0x72e70000 of 64 bytes failed: Seule une partie d’une requête ReadProcessMemory ou WriteProcessMemory a été effectuée. (0x12B)
[1004/132611.142:WARNING:pe_image_reader.cc(340)] could not read dos header from C:\WINDOWS\SYSTEM32\WINMMBASE.dll
[1004/132611.142:ERROR:process_memory_win.cc(73)] ReadMemory at 0x72e70000 of 64 bytes failed: Seule une partie d’une requête ReadProcessMemory ou WriteProcessMemory a été effectuée. (0x12B)
[1004/132611.142:WARNING:pe_image_reader.cc(340)] could not read dos header from C:\WINDOWS\SYSTEM32\WINMMBASE.dll
[1004/132611.142:ERROR:process_memory_win.cc(73)] ReadMemory at 0x767d0000 of 64 bytes failed: Seule une partie d’une requête ReadProcessMemory ou WriteProcessMemory a été effectuée. (0x12B)
[1004/132611.142:WARNING:pe_image_reader.cc(340)] could not read dos header from C:\WINDOWS\System32\cfgmgr32.dll
[1004/132611.142:ERROR:process_memory_win.cc(73)] ReadMemory at 0x767d0000 of 64 bytes failed: Seule une partie d’une requête ReadProcessMemory ou WriteProcessMemory a été effectuée. (0x12B)
[1004/132611.142:WARNING:pe_image_reader.cc(340)] could not read dos header from C:\WINDOWS\System32\cfgmgr32.dll
[1004/132611.142:ERROR:process_memory_win.cc(73)] ReadMemory at 0x73850000 of 64 bytes failed: Seule une partie d’une requête ReadProcessMemory ou WriteProcessMemory a été effectuée. (0x12B)
[1004/132611.142:WARNING:pe_image_reader.cc(340)] could not read dos header from C:\WINDOWS\SYSTEM32\PROPSYS.dll
[1004/132611.142:ERROR:process_memory_win.cc(73)] ReadMemory at 0x73850000 of 64 bytes failed: Seule une partie d’une requête ReadProcessMemory ou WriteProcessMemory a été effectuée. (0x12B)
[1004/132611.142:WARNING:pe_image_reader.cc(340)] could not read dos header from C:\WINDOWS\SYSTEM32\PROPSYS.dll
[1004/132611.142:ERROR:process_memory_win.cc(73)] ReadMemory at 0x757a0000 of 64 bytes failed: Seule une partie d’une requête ReadProcessMemory ou WriteProcessMemory a été effectuée. (0x12B)
[1004/132611.146:WARNING:pe_image_reader.cc(340)] could not read dos header from C:\WINDOWS\System32\shcore.dll
[1004/132611.146:ERROR:process_memory_win.cc(73)] ReadMemory at 0x757a0000 of 64 bytes failed: Seule une partie d’une requête ReadProcessMemory ou WriteProcessMemory a été effectuée. (0x12B)
[1004/132611.146:WARNING:pe_image_reader.cc(340)] could not read dos header from C:\WINDOWS\System32\shcore.dll
[1004/132611.146:ERROR:process_memory_win.cc(73)] ReadMemory at 0x75230000 of 64 bytes failed: Seule une partie d’une requête ReadProcessMemory ou WriteProcessMemory a été effectuée. (0x12B)
[1004/132611.146:WARNING:pe_image_reader.cc(340)] could not read dos header from C:\WINDOWS\System32\ole32.dll
[1004/132611.146:ERROR:process_memory_win.cc(73)] ReadMemory at 0x75230000 of 64 bytes failed: Seule une partie d’une requête ReadProcessMemory ou WriteProcessMemory a été effectuée. (0x12B)
[1004/132611.146:WARNING:pe_image_reader.cc(340)] could not read dos header from C:\WINDOWS\System32\ole32.dll
[1004/132611.146:ERROR:process_memory_win.cc(73)] ReadMemory at 0x75330000 of 64 bytes failed: Seule une partie d’une requête ReadProcessMemory ou WriteProcessMemory a été effectuée. (0x12B)
[1004/132611.146:WARNING:pe_image_reader.cc(340)] could not read dos header from C:\WINDOWS\System32\GDI32.dll
[1004/132611.146:ERROR:process_memory_win.cc(73)] ReadMemory at 0x75330000 of 64 bytes failed: Seule une partie d’une requête ReadProcessMemory ou WriteProcessMemory a été effectuée. (0x12B)
[1004/132611.146:WARNING:pe_image_reader.cc(340)] could not read dos header from C:\WINDOWS\System32\GDI32.dll
[1004/132611.146:ERROR:process_memory_win.cc(73)] ReadMemory at 0x751f0000 of 64 bytes failed: Seule une partie d’une requête ReadProcessMemory ou WriteProcessMemory a été effectuée. (0x12B)
[1004/132611.146:WARNING:pe_image_reader.cc(340)] could not read dos header from C:\WINDOWS\System32\win32u.dll
[1004/132611.146:ERROR:process_memory_win.cc(73)] ReadMemory at 0x751f0000 of 64 bytes failed: Seule une partie d’une requête ReadProcessMemory ou WriteProcessMemory a été effectuée. (0x12B)
[1004/132611.146:WARNING:pe_image_reader.cc(340)] could not read dos header from C:\WINDOWS\System32\win32u.dll
[1004/132611.146:ERROR:process_memory_win.cc(73)] ReadMemory at 0x76670000 of 64 bytes failed: Seule une partie d’une requête ReadProcessMemory ou WriteProcessMemory a été effectuée. (0x12B)
[1004/132611.146:WARNING:pe_image_reader.cc(340)] could not read dos header from C:\WINDOWS\System32\gdi32full.dll
[1004/132611.146:ERROR:process_memory_win.cc(73)] ReadMemory at 0x76670000 of 64 bytes failed: Seule une partie d’une requête ReadProcessMemory ou WriteProcessMemory a été effectuée. (0x12B)
[1004/132611.146:WARNING:pe_image_reader.cc(340)] could not read dos header from C:\WINDOWS\System32\gdi32full.dll
[1004/132611.146:ERROR:process_memory_win.cc(73)] ReadMemory at 0x75550000 of 64 bytes failed: Seule une partie d’une requête ReadProcessMemory ou WriteProcessMemory a été effectuée. (0x12B)
[1004/132611.146:WARNING:pe_image_reader.cc(340)] could not read dos header from C:\WINDOWS\System32\USER32.dll
[1004/132611.146:ERROR:process_memory_win.cc(73)] ReadMemory at 0x75550000 of 64 bytes failed: Seule une partie d’une requête ReadProcessMemory ou WriteProcessMemory a été effectuée. (0x12B)
[1004/132611.146:WARNING:pe_image_reader.cc(340)] could not read dos header from C:\WINDOWS\System32\USER32.dll
[1004/132611.146:ERROR:process_memory_win.cc(73)] ReadMemory at 0x75770000 of 64 bytes failed: Seule une partie d’une requête ReadProcessMemory ou WriteProcessMemory a été effectuée. (0x12B)
[1004/132611.146:WARNING:pe_image_reader.cc(340)] could not read dos header from C:\WINDOWS\System32\IMM32.DLL
[1004/132611.146:ERROR:process_memory_win.cc(73)] ReadMemory at 0x75770000 of 64 bytes failed: Seule une partie d’une requête ReadProcessMemory ou WriteProcessMemory a été effectuée. (0x12B)
[1004/132611.146:WARNING:pe_image_reader.cc(340)] could not read dos header from C:\WINDOWS\System32\IMM32.DLL
[1004/132611.146:ERROR:process_memory_win.cc(73)] ReadMemory at 0x75910000 of 64 bytes failed: Seule une partie d’une requête ReadProcessMemory ou WriteProcessMemory a été effectuée. (0x12B)
[1004/132611.146:WARNING:pe_image_reader.cc(340)] could not read dos header from C:\WINDOWS\System32\SHELL32.dll
[1004/132611.146:ERROR:process_memory_win.cc(73)] ReadMemory at 0x75910000 of 64 bytes failed: Seule une partie d’une requête ReadProcessMemory ou WriteProcessMemory a été effectuée. (0x12B)
[1004/132611.146:WARNING:pe_image_reader.cc(340)] could not read dos header from C:\WINDOWS\System32\SHELL32.dll
[1004/132611.146:ERROR:process_memory_win.cc(73)] ReadMemory at 0x76b60000 of 64 bytes failed: Seule une partie d’une requête ReadProcessMemory ou WriteProcessMemory a été effectuée. (0x12B)
[1004/132611.146:WARNING:pe_image_reader.cc(340)] could not read dos header from C:\WINDOWS\System32\windows.storage.dll
[1004/132611.146:ERROR:process_memory_win.cc(73)] ReadMemory at 0x76b60000 of 64 bytes failed: Seule une partie d’une requête ReadProcessMemory ou WriteProcessMemory a été effectuée. (0x12B)
[1004/132611.146:WARNING:pe_image_reader.cc(340)] could not read dos header from C:\WINDOWS\System32\windows.storage.dll
[1004/132611.146:ERROR:process_memory_win.cc(73)] ReadMemory at 0x76ab0000 of 64 bytes failed: Seule une partie d’une requête ReadProcessMemory ou WriteProcessMemory a été effectuée. (0x12B)
[1004/132611.146:WARNING:pe_image_reader.cc(340)] could not read dos header from C:\WINDOWS\System32\powrprof.dll
[1004/132611.146:ERROR:process_memory_win.cc(73)] ReadMemory at 0x76ab0000 of 64 bytes failed: Seule une partie d’une requête ReadProcessMemory ou WriteProcessMemory a été effectuée. (0x12B)
[1004/132611.146:WARNING:pe_image_reader.cc(340)] could not read dos header from C:\WINDOWS\System32\powrprof.dll
[1004/132611.150:ERROR:process_memory_win.cc(73)] ReadMemory at 0x77130000 of 64 bytes failed: Seule une partie d’une requête ReadProcessMemory ou WriteProcessMemory a été effectuée. (0x12B)
[1004/132611.150:WARNING:pe_image_reader.cc(340)] could not read dos header from C:\WINDOWS\System32\UMPDC.dll
[1004/132611.150:ERROR:process_memory_win.cc(73)] ReadMemory at 0x77130000 of 64 bytes failed: Seule une partie d’une requête ReadProcessMemory ou WriteProcessMemory a été effectuée. (0x12B)
[1004/132611.150:WARNING:pe_image_reader.cc(340)] could not read dos header from C:\WINDOWS\System32\UMPDC.dll
[1004/132611.150:ERROR:process_memory_win.cc(73)] ReadMemory at 0x76310000 of 64 bytes failed: Seule une partie d’une requête ReadProcessMemory ou WriteProcessMemory a été effectuée. (0x12B)
[1004/132611.150:WARNING:pe_image_reader.cc(340)] could not read dos header from C:\WINDOWS\System32\shlwapi.dll
[1004/132611.150:ERROR:process_memory_win.cc(73)] ReadMemory at 0x76310000 of 64 bytes failed: Seule une partie d’une requête ReadProcessMemory ou WriteProcessMemory a été effectuée. (0x12B)
[1004/132611.150:WARNING:pe_image_reader.cc(340)] could not read dos header from C:\WINDOWS\System32\shlwapi.dll
[1004/132611.150:ERROR:process_memory_win.cc(73)] ReadMemory at 0x75510000 of 64 bytes failed: Seule une partie d’une requête ReadProcessMemory ou WriteProcessMemory a été effectuée. (0x12B)
[1004/132611.150:WARNING:pe_image_reader.cc(340)] could not read dos header from C:\WINDOWS\System32\cryptsp.dll
[1004/132611.150:ERROR:process_memory_win.cc(73)] ReadMemory at 0x75510000 of 64 bytes failed: Seule une partie d’une requête ReadProcessMemory ou WriteProcessMemory a été effectuée. (0x12B)
[1004/132611.150:WARNING:pe_image_reader.cc(340)] could not read dos header from C:\WINDOWS\System32\cryptsp.dll
[1004/132613.256:ERROR:process_memory_win.cc(73)] ReadMemory at 0x420000 of 64 bytes failed: Seule une partie d’une requête ReadProcessMemory ou WriteProcessMemory a été effectuée. (0x12B)
[1004/132613.256:WARNING:pe_image_reader.cc(340)] could not read dos header from C:\Program Files (x86)\Google\Chrome\Application\chrome.exe
[1004/132613.256:ERROR:process_memory_win.cc(73)] ReadMemory at 0x77380000 of 64 bytes failed: Seule une partie d’une requête ReadProcessMemory ou WriteProcessMemory a été effectuée. (0x12B)
[1004/132613.257:WARNING:pe_image_reader.cc(340)] could not read dos header from C:\WINDOWS\SYSTEM32\ntdll.dll
[1004/132613.257:ERROR:process_memory_win.cc(73)] ReadMemory at 0x75830000 of 64 bytes failed: Seule une partie d’une requête ReadProcessMemory ou WriteProcessMemory a été effectuée. (0x12B)
[1004/132613.257:WARNING:pe_image_reader.cc(340)] could not read dos header from C:\WINDOWS\System32\KERNEL32.dll
[1004/132613.257:ERROR:process_memory_win.cc(73)] ReadMemory at 0x76110000 of 64 bytes failed: Seule une partie d’une requête ReadProcessMemory ou WriteProcessMemory a été effectuée. (0x12B)
[1004/132613.257:WARNING:pe_image_reader.cc(340)] could not read dos header from C:\WINDOWS\System32\KERNELBASE.dll
[1004/132613.257:ERROR:process_memory_win.cc(73)] ReadMemory at 0x74920000 of 64 bytes failed: Seule une partie d’une requête ReadProcessMemory ou WriteProcessMemory a été effectuée. (0x12B)
[1004/132613.258:WARNING:pe_image_reader.cc(340)] could not read dos header from C:\Program Files (x86)\Google\Chrome\Application\85.0.4183.121\chrome_elf.dll
[1004/132613.258:ERROR:process_memory_win.cc(73)] ReadMemory at 0x73de0000 of 64 bytes failed: Seule une partie d’une requête ReadProcessMemory ou WriteProcessMemory a été effectuée. (0x12B)
[1004/132613.258:WARNING:pe_image_reader.cc(340)] could not read dos header from C:\WINDOWS\SYSTEM32\VERSION.dll
[1004/132613.258:ERROR:process_memory_win.cc(73)] ReadMemory at 0x74b70000 of 64 bytes failed: Seule une partie d’une requête ReadProcessMemory ou WriteProcessMemory a été effectuée. (0x12B)
[1004/132613.258:WARNING:pe_image_reader.cc(340)] could not read dos header from C:\WINDOWS\System32\msvcrt.dll
[1004/132613.258:ERROR:process_memory_win.cc(73)] ReadMemory at 0x76460000 of 64 bytes failed: Seule une partie d’une requête ReadProcessMemory ou WriteProcessMemory a été effectuée. (0x12B)
[1004/132613.258:WARNING:pe_image_reader.cc(340)] could not read dos header from C:\WINDOWS\System32\bcryptPrimitives.dll
[1004/132613.258:ERROR:process_memory_win.cc(73)] ReadMemory at 0x756f0000 of 64 bytes failed: Seule une partie d’une requête ReadProcessMemory ou WriteProcessMemory a été effectuée. (0x12B)
[1004/132613.258:WARNING:pe_image_reader.cc(340)] could not read dos header from C:\WINDOWS\System32\ADVAPI32.dll
[1004/132613.258:ERROR:process_memory_win.cc(73)] ReadMemory at 0x768c0000 of 64 bytes failed: Seule une partie d’une requête ReadProcessMemory ou WriteProcessMemory a été effectuée. (0x12B)
[1004/132613.259:WARNING:pe_image_reader.cc(340)] could not read dos header from C:\WINDOWS\System32\sechost.dll
[1004/132613.259:ERROR:process_memory_win.cc(73)] ReadMemory at 0x76940000 of 64 bytes failed: Seule une partie d’une requête ReadProcessMemory ou WriteProcessMemory a été effectuée. (0x12B)
[1004/132613.259:WARNING:pe_image_reader.cc(340)] could not read dos header from C:\WINDOWS\System32\RPCRT4.dll
[1004/132613.259:ERROR:process_memory_win.cc(73)] ReadMemory at 0x74b40000 of 64 bytes failed: Seule une partie d’une requête ReadProcessMemory ou WriteProcessMemory a été effectuée. (0x12B)
[1004/132613.259:WARNING:pe_image_reader.cc(340)] could not read dos header from C:\WINDOWS\System32\SspiCli.dll
[1004/132613.259:ERROR:process_memory_win.cc(73)] ReadMemory at 0x74b30000 of 64 bytes failed: Seule une partie d’une requête ReadProcessMemory ou WriteProcessMemory a été effectuée. (0x12B)
[1004/132613.259:WARNING:pe_image_reader.cc(340)] could not read dos header from C:\WINDOWS\System32\CRYPTBASE.dll
[1004/132613.259:ERROR:process_memory_win.cc(73)] ReadMemory at 0x6a0a0000 of 64 bytes failed: Seule une partie d’une requête ReadProcessMemory ou WriteProcessMemory a été effectuée. (0x12B)
[1004/132613.259:WARNING:pe_image_reader.cc(340)] could not read dos header from C:\Program Files (x86)\Google\Chrome\Application\85.0.4183.121\chrome.dll
[1004/132613.259:ERROR:process_memory_win.cc(73)] ReadMemory at 0x76b00000 of 64 bytes failed: Seule une partie d’une requête ReadProcessMemory ou WriteProcessMemory a été effectuée. (0x12B)
[1004/132613.259:WARNING:pe_image_reader.cc(340)] could not read dos header from C:\WINDOWS\System32\WS2_32.dll
[1004/132613.260:ERROR:process_memory_win.cc(73)] ReadMemory at 0x765d0000 of 64 bytes failed: Seule une partie d’une requête ReadProcessMemory ou WriteProcessMemory a été effectuée. (0x12B)
[1004/132613.260:WARNING:pe_image_reader.cc(340)] could not read dos header from C:\WINDOWS\System32\OLEAUT32.dll
[1004/132613.260:ERROR:process_memory_win.cc(73)] ReadMemory at 0x75440000 of 64 bytes failed: Seule une partie d’une requête ReadProcessMemory ou WriteProcessMemory a été effectuée. (0x12B)
[1004/132613.260:WARNING:pe_image_reader.cc(340)] could not read dos header from C:\WINDOWS\System32\msvcp_win.dll
[1004/132613.260:ERROR:process_memory_win.cc(73)] ReadMemory at 0x771a0000 of 64 bytes failed: Seule une partie d’une requête ReadProcessMemory ou WriteProcessMemory a été effectuée. (0x12B)
[1004/132613.260:WARNING:pe_image_reader.cc(340)] could not read dos header from C:\WINDOWS\System32\ucrtbase.dll
[1004/132613.260:ERROR:process_memory_win.cc(73)] ReadMemory at 0x75e90000 of 64 bytes failed: Seule une partie d’une requête ReadProcessMemory ou WriteProcessMemory a été effectuée. (0x12B)
[1004/132613.260:WARNING:pe_image_reader.cc(340)] could not read dos header from C:\WINDOWS\System32\combase.dll
[1004/132613.260:ERROR:process_memory_win.cc(73)] ReadMemory at 0x754c0000 of 64 bytes failed: Seule une partie d’une requête ReadProcessMemory ou WriteProcessMemory a été effectuée. (0x12B)
[1004/132613.260:WARNING:pe_image_reader.cc(340)] could not read dos header from C:\WINDOWS\System32\WINTRUST.dll
[1004/132613.260:ERROR:process_memory_win.cc(73)] ReadMemory at 0x768b0000 of 64 bytes failed: Seule une partie d’une requête ReadProcessMemory ou WriteProcessMemory a été effectuée. (0x12B)
[1004/132613.260:WARNING:pe_image_reader.cc(340)] could not read dos header from C:\WINDOWS\System32\MSASN1.dll
[1004/132613.261:ERROR:process_memory_win.cc(73)] ReadMemory at 0x76360000 of 64 bytes failed: Seule une partie d’une requête ReadProcessMemory ou WriteProcessMemory a été effectuée. (0x12B)
[1004/132613.261:WARNING:pe_image_reader.cc(340)] could not read dos header from C:\WINDOWS\System32\CRYPT32.dll
[1004/132613.261:ERROR:process_memory_win.cc(73)] ReadMemory at 0x73d40000 of 64 bytes failed: Seule une partie d’une requête ReadProcessMemory ou WriteProcessMemory a été effectuée. (0x12B)
[1004/132613.261:WARNING:pe_image_reader.cc(340)] could not read dos header from C:\WINDOWS\SYSTEM32\IPHLPAPI.DLL
[1004/132613.261:ERROR:process_memory_win.cc(73)] ReadMemory at 0x73db0000 of 64 bytes failed: Seule une partie d’une requête ReadProcessMemory ou WriteProcessMemory a été effectuée. (0x12B)
[1004/132613.261:WARNING:pe_image_reader.cc(340)] could not read dos header from C:\WINDOWS\SYSTEM32\WINMM.dll
[1004/132613.261:ERROR:process_memory_win.cc(73)] ReadMemory at 0x73e10000 of 64 bytes failed: Seule une partie d’une requête ReadProcessMemory ou WriteProcessMemory a été effectuée. (0x12B)
[1004/132613.264:WARNING:pe_image_reader.cc(340)] could not read dos header from C:\WINDOWS\SYSTEM32\UIAutomationCore.DLL
[1004/132613.264:ERROR:process_memory_win.cc(73)] ReadMemory at 0x72f60000 of 64 bytes failed: Seule une partie d’une requête ReadProcessMemory ou WriteProcessMemory a été effectuée. (0x12B)
[1004/132613.264:WARNING:pe_image_reader.cc(340)] could not read dos header from C:\WINDOWS\SYSTEM32\Secur32.dll
[1004/132613.264:ERROR:process_memory_win.cc(73)] ReadMemory at 0x73920000 of 64 bytes failed: Seule une partie d’une requête ReadProcessMemory ou WriteProcessMemory a été effectuée. (0x12B)
[1004/132613.264:WARNING:pe_image_reader.cc(340)] could not read dos header from C:\WINDOWS\SYSTEM32\USERENV.dll
[1004/132613.264:ERROR:process_memory_win.cc(73)] ReadMemory at 0x75210000 of 64 bytes failed: Seule une partie d’une requête ReadProcessMemory ou WriteProcessMemory a été effectuée. (0x12B)
[1004/132613.264:WARNING:pe_image_reader.cc(340)] could not read dos header from C:\WINDOWS\System32\profapi.dll
[1004/132613.264:ERROR:process_memory_win.cc(73)] ReadMemory at 0x735d0000 of 64 bytes failed: Seule une partie d’une requête ReadProcessMemory ou WriteProcessMemory a été effectuée. (0x12B)
[1004/132613.264:WARNING:pe_image_reader.cc(340)] could not read dos header from C:\WINDOWS\SYSTEM32\DWrite.dll
[1004/132613.264:ERROR:process_memory_win.cc(73)] ReadMemory at 0x73560000 of 64 bytes failed: Seule une partie d’une requête ReadProcessMemory ou WriteProcessMemory a été effectuée. (0x12B)
[1004/132613.264:WARNING:pe_image_reader.cc(340)] could not read dos header from C:\WINDOWS\SYSTEM32\WINSPOOL.DRV
[1004/132613.264:ERROR:process_memory_win.cc(73)] ReadMemory at 0x76aa0000 of 64 bytes failed: Seule une partie d’une requête ReadProcessMemory ou WriteProcessMemory a été effectuée. (0x12B)
[1004/132613.264:WARNING:pe_image_reader.cc(340)] could not read dos header from C:\WINDOWS\System32\kernel.appcore.dll
[1004/132613.264:ERROR:process_memory_win.cc(73)] ReadMemory at 0x76a80000 of 64 bytes failed: Seule une partie d’une requête ReadProcessMemory ou WriteProcessMemory a été effectuée. (0x12B)
[1004/132613.264:WARNING:pe_image_reader.cc(340)] could not read dos header from C:\WINDOWS\System32\bcrypt.dll
[1004/132613.264:ERROR:process_memory_win.cc(73)] ReadMemory at 0x739f0000 of 64 bytes failed: Seule une partie d’une requête ReadProcessMemory ou WriteProcessMemory a été effectuée. (0x12B)
[1004/132613.264:WARNING:pe_image_reader.cc(340)] could not read dos header from C:\WINDOWS\SYSTEM32\dbghelp.dll
[1004/132613.264:ERROR:process_memory_win.cc(73)] ReadMemory at 0x72ea0000 of 64 bytes failed: Seule une partie d’une requête ReadProcessMemory ou WriteProcessMemory a été effectuée. (0x12B)
[1004/132613.264:WARNING:pe_image_reader.cc(340)] could not read dos header from C:\WINDOWS\SYSTEM32\WINHTTP.dll
[1004/132613.264:ERROR:process_memory_win.cc(73)] ReadMemory at 0x72ca0000 of 64 bytes failed: Seule une partie d’une requête ReadProcessMemory ou WriteProcessMemory a été effectuée. (0x12B)
[1004/132613.264:WARNING:pe_image_reader.cc(340)] could not read dos header from C:\WINDOWS\SYSTEM32\dhcpcsvc.DLL
[1004/132613.264:ERROR:process_memory_win.cc(73)] ReadMemory at 0x75420000 of 64 bytes failed: Seule une partie d’une requête ReadProcessMemory ou WriteProcessMemory a été effectuée. (0x12B)
[1004/132613.264:WARNING:pe_image_reader.cc(340)] could not read dos header from C:\WINDOWS\System32\NSI.dll
[1004/132613.264:ERROR:process_memory_win.cc(73)] ReadMemory at 0x72e70000 of 64 bytes failed: Seule une partie d’une requête ReadProcessMemory ou WriteProcessMemory a été effectuée. (0x12B)
[1004/132613.264:WARNING:pe_image_reader.cc(340)] could not read dos header from C:\WINDOWS\SYSTEM32\WINMMBASE.dll
[1004/132613.264:ERROR:process_memory_win.cc(73)] ReadMemory at 0x767d0000 of 64 bytes failed: Seule une partie d’une requête ReadProcessMemory ou WriteProcessMemory a été effectuée. (0x12B)
[1004/132613.264:WARNING:pe_image_reader.cc(340)] could not read dos header from C:\WINDOWS\System32\cfgmgr32.dll
[1004/132613.264:ERROR:process_memory_win.cc(73)] ReadMemory at 0x73850000 of 64 bytes failed: Seule une partie d’une requête ReadProcessMemory ou WriteProcessMemory a été effectuée. (0x12B)
[1004/132613.264:WARNING:pe_image_reader.cc(340)] could not read dos header from C:\WINDOWS\SYSTEM32\PROPSYS.dll
[1004/132613.264:ERROR:process_memory_win.cc(73)] ReadMemory at 0x757a0000 of 64 bytes failed: Seule une partie d’une requête ReadProcessMemory ou WriteProcessMemory a été effectuée. (0x12B)
[1004/132613.264:WARNING:pe_image_reader.cc(340)] could not read dos header from C:\WINDOWS\System32\shcore.dll
[1004/132613.264:ERROR:process_memory_win.cc(73)] ReadMemory at 0x75230000 of 64 bytes failed: Seule une partie d’une requête ReadProcessMemory ou WriteProcessMemory a été effectuée. (0x12B)
[1004/132613.264:WARNING:pe_image_reader.cc(340)] could not read dos header from C:\WINDOWS\System32\ole32.dll
[1004/132613.264:ERROR:process_memory_win.cc(73)] ReadMemory at 0x75330000 of 64 bytes failed: Seule une partie d’une requête ReadProcessMemory ou WriteProcessMemory a été effectuée. (0x12B)
[1004/132613.264:WARNING:pe_image_reader.cc(340)] could not read dos header from C:\WINDOWS\System32\GDI32.dll
[1004/132613.264:ERROR:process_memory_win.cc(73)] ReadMemory at 0x751f0000 of 64 bytes failed: Seule une partie d’une requête ReadProcessMemory ou WriteProcessMemory a été effectuée. (0x12B)
[1004/132613.264:WARNING:pe_image_reader.cc(340)] could not read dos header from C:\WINDOWS\System32\win32u.dll
[1004/132613.264:ERROR:process_memory_win.cc(73)] ReadMemory at 0x76670000 of 64 bytes failed: Seule une partie d’une requête ReadProcessMemory ou WriteProcessMemory a été effectuée. (0x12B)
[1004/132613.264:WARNING:pe_image_reader.cc(340)] could not read dos header from C:\WINDOWS\System32\gdi32full.dll
[1004/132613.264:ERROR:process_memory_win.cc(73)] ReadMemory at 0x75550000 of 64 bytes failed: Seule une partie d’une requête ReadProcessMemory ou WriteProcessMemory a été effectuée. (0x12B)
[1004/132613.264:WARNING:pe_image_reader.cc(340)] could not read dos header from C:\WINDOWS\System32\USER32.dll
[1004/132613.264:ERROR:process_memory_win.cc(73)] ReadMemory at 0x75770000 of 64 bytes failed: Seule une partie d’une requête ReadProcessMemory ou WriteProcessMemory a été effectuée. (0x12B)
[1004/132613.264:WARNING:pe_image_reader.cc(340)] could not read dos header from C:\WINDOWS\System32\IMM32.DLL
[1004/132613.264:ERROR:process_memory_win.cc(73)] ReadMemory at 0x75910000 of 64 bytes failed: Seule une partie d’une requête ReadProcessMemory ou WriteProcessMemory a été effectuée. (0x12B)
[1004/132613.264:WARNING:pe_image_reader.cc(340)] could not read dos header from C:\WINDOWS\System32\SHELL32.dll
[1004/132613.264:ERROR:process_memory_win.cc(73)] ReadMemory at 0x76b60000 of 64 bytes failed: Seule une partie d’une requête ReadProcessMemory ou WriteProcessMemory a été effectuée. (0x12B)
[1004/132613.264:WARNING:pe_image_reader.cc(340)] could not read dos header from C:\WINDOWS\System32\windows.storage.dll
[1004/132613.264:ERROR:process_memory_win.cc(73)] ReadMemory at 0x76ab0000 of 64 bytes failed: Seule une partie d’une requête ReadProcessMemory ou WriteProcessMemory a été effectuée. (0x12B)
[1004/132613.264:WARNING:pe_image_reader.cc(340)] could not read dos header from C:\WINDOWS\System32\powrprof.dll
[1004/132613.264:ERROR:process_memory_win.cc(73)] ReadMemory at 0x77130000 of 64 bytes failed: Seule une partie d’une requête ReadProcessMemory ou WriteProcessMemory a été effectuée. (0x12B)
[1004/132613.264:WARNING:pe_image_reader.cc(340)] could not read dos header from C:\WINDOWS\System32\UMPDC.dll
[1004/132613.264:ERROR:process_memory_win.cc(73)] ReadMemory at 0x76310000 of 64 bytes failed: Seule une partie d’une requête ReadProcessMemory ou WriteProcessMemory a été effectuée. (0x12B)
[1004/132613.264:WARNING:pe_image_reader.cc(340)] could not read dos header from C:\WINDOWS\System32\shlwapi.dll
[1004/132613.264:ERROR:process_memory_win.cc(73)] ReadMemory at 0x75510000 of 64 bytes failed: Seule une partie d’une requête ReadProcessMemory ou WriteProcessMemory a été effectuée. (0x12B)
[1004/132613.264:WARNING:pe_image_reader.cc(340)] could not read dos header from C:\WINDOWS\System32\cryptsp.dll
[1004/132613.295:ERROR:process_memory_win.cc(73)] ReadMemory at 0x4784000 of 49152 bytes failed: Seule une partie d’une requête ReadProcessMemory ou WriteProcessMemory a été effectuée. (0x12B)
[1004/132613.310:ERROR:process_memory_win.cc(73)] ReadMemory at 0x676e000 of 8192 bytes failed: Seule une partie d’une requête ReadProcessMemory ou WriteProcessMemory a été effectuée. (0x12B)
[1004/132613.310:ERROR:process_memory_win.cc(73)] ReadMemory at 0x68ac000 of 16384 bytes failed: Seule une partie d’une requête ReadProcessMemory ou WriteProcessMemory a été effectuée. (0x12B)
[1004/132613.310:ERROR:process_memory_win.cc(73)] ReadMemory at 0x69ee000 of 8192 bytes failed: Seule une partie d’une requête ReadProcessMemory ou WriteProcessMemory a été effectuée. (0x12B)
[1004/132613.310:ERROR:process_memory_win.cc(73)] ReadMemory at 0x6b2e000 of 8192 bytes failed: Seule une partie d’une requête ReadProcessMemory ou WriteProcessMemory a été effectuée. (0x12B)
[1004/132613.310:ERROR:process_memory_win.cc(73)] ReadMemory at 0x6cef000 of 4096 bytes failed: Seule une partie d’une requête ReadProcessMemory ou WriteProcessMemory a été effectuée. (0x12B)
[1004/132613.310:ERROR:process_memory_win.cc(73)] ReadMemory at 0x6e2e000 of 8192 bytes failed: Seule une partie d’une requête ReadProcessMemory ou WriteProcessMemory a été effectuée. (0x12B)
[1004/132613.310:ERROR:process_memory_win.cc(73)] ReadMemory at 0x70be000 of 8192 bytes failed: Seule une partie d’une requête ReadProcessMemory ou WriteProcessMemory a été effectuée. (0x12B)
[1004/132613.310:ERROR:process_memory_win.cc(73)] ReadMemory at 0x71fe000 of 8192 bytes failed: Seule une partie d’une requête ReadProcessMemory ou WriteProcessMemory a été effectuée. (0x12B)
[1004/132613.310:ERROR:process_memory_win.cc(73)] ReadMemory at 0x7b3e000 of 8192 bytes failed: Seule une partie d’une requête ReadProcessMemory ou WriteProcessMemory a été effectuée. (0x12B)
[1004/132613.310:ERROR:process_memory_win.cc(73)] ReadMemory at 0x7e7c000 of 16384 bytes failed: Seule une partie d’une requête ReadProcessMemory ou WriteProcessMemory a été effectuée. (0x12B)
[1004/132613.310:ERROR:process_memory_win.cc(73)] ReadMemory at 0x7fba000 of 24576 bytes failed: Seule une partie d’une requête ReadProcessMemory ou WriteProcessMemory a été effectuée. (0x12B)
[1004/132613.310:ERROR:process_memory_win.cc(73)] ReadMemory at 0x80fe000 of 8192 bytes failed: Seule une partie d’une requête ReadProcessMemory ou WriteProcessMemory a été effectuée. (0x12B)
[1004/132613.310:ERROR:process_memory_win.cc(73)] ReadMemory at 0x73bc000 of 16384 bytes failed: Seule une partie d’une requête ReadProcessMemory ou WriteProcessMemory a été effectuée. (0x12B)
[1004/132613.310:ERROR:process_memory_win.cc(73)] ReadMemory at 0x867d000 of 12288 bytes failed: Seule une partie d’une requête ReadProcessMemory ou WriteProcessMemory a été effectuée. (0x12B)
[1004/132613.310:ERROR:process_memory_win.cc(73)] ReadMemory at 0x883e000 of 8192 bytes failed: Seule une partie d’une requête ReadProcessMemory ou WriteProcessMemory a été effectuée. (0x12B)
[1004/132613.310:ERROR:process_memory_win.cc(73)] ReadMemory at 0x967e000 of 8192 bytes failed: Seule une partie d’une requête ReadProcessMemory ou WriteProcessMemory a été effectuée. (0x12B)
[1004/132613.310:ERROR:process_memory_win.cc(73)] ReadMemory at 0xa0fd000 of 12288 bytes failed: Seule une partie d’une requête ReadProcessMemory ou WriteProcessMemory a été effectuée. (0x12B)
[1004/132613.310:ERROR:process_memory_win.cc(73)] ReadMemory at 0xa23e000 of 8192 bytes failed: Seule une partie d’une requête ReadProcessMemory ou WriteProcessMemory a été effectuée. (0x12B)
[1004/132613.310:ERROR:process_memory_win.cc(73)] ReadMemory at 0xa37e000 of 8192 bytes failed: Seule une partie d’une requête ReadProcessMemory ou WriteProcessMemory a été effectuée. (0x12B)
[1004/132613.310:ERROR:process_memory_win.cc(73)] ReadMemory at 0x49c2f80 of 688 bytes failed: Seule une partie d’une requête ReadProcessMemory ou WriteProcessMemory a été effectuée. (0x12B)
[1004/132613.310:ERROR:process_memory_win.cc(73)] ReadMemory at 0x49c6000 of 3992 bytes failed: Seule une partie d’une requête ReadProcessMemory ou WriteProcessMemory a été effectuée. (0x12B)
[1004/132613.326:ERROR:process_memory_win.cc(73)] ReadMemory at 0x49c9000 of 3992 bytes failed: Seule une partie d’une requête ReadProcessMemory ou WriteProcessMemory a été effectuée. (0x12B)
[1004/132613.326:ERROR:process_memory_win.cc(73)] ReadMemory at 0x49cc000 of 3992 bytes failed: Seule une partie d’une requête ReadProcessMemory ou WriteProcessMemory a été effectuée. (0x12B)
[1004/132613.357:ERROR:process_memory_win.cc(73)] ReadMemory at 0x49cf000 of 3992 bytes failed: Seule une partie d’une requête ReadProcessMemory ou WriteProcessMemory a été effectuée. (0x12B)
[1004/132613.363:ERROR:process_memory_win.cc(73)] ReadMemory at 0x49d2000 of 3992 bytes failed: Seule une partie d’une requête ReadProcessMemory ou WriteProcessMemory a été effectuée. (0x12B)
[1004/132613.363:ERROR:process_memory_win.cc(73)] ReadMemory at 0x49d5000 of 3992 bytes failed: Seule une partie d’une requête ReadProcessMemory ou WriteProcessMemory a été effectuée. (0x12B)
[1004/132613.363:ERROR:process_memory_win.cc(73)] ReadMemory at 0x49d8000 of 3992 bytes failed: Seule une partie d’une requête ReadProcessMemory ou WriteProcessMemory a été effectuée. (0x12B)
[1004/132613.379:ERROR:process_memory_win.cc(73)] ReadMemory at 0x49db000 of 3992 bytes failed: Seule une partie d’une requête ReadProcessMemory ou WriteProcessMemory a été effectuée. (0x12B)
[1004/132613.410:ERROR:process_memory_win.cc(73)] ReadMemory at 0x49de000 of 3992 bytes failed: Seule une partie d’une requête ReadProcessMemory ou WriteProcessMemory a été effectuée. (0x12B)
[1004/132613.441:ERROR:process_memory_win.cc(73)] ReadMemory at 0x49e1000 of 3992 bytes failed: Seule une partie d’une requête ReadProcessMemory ou WriteProcessMemory a été effectuée. (0x12B)
[1004/132613.441:ERROR:process_memory_win.cc(73)] ReadMemory at 0x49e4000 of 3992 bytes failed: Seule une partie d’une requête ReadProcessMemory ou WriteProcessMemory a été effectuée. (0x12B)
[1004/132613.441:ERROR:process_memory_win.cc(73)] ReadMemory at 0x49e7000 of 3992 bytes failed: Seule une partie d’une requête ReadProcessMemory ou WriteProcessMemory a été effectuée. (0x12B)
[1004/132613.441:ERROR:process_memory_win.cc(73)] ReadMemory at 0x49ea000 of 3992 bytes failed: Seule une partie d’une requête ReadProcessMemory ou WriteProcessMemory a été effectuée. (0x12B)
[1004/132613.441:ERROR:process_memory_win.cc(73)] ReadMemory at 0x49ed000 of 3992 bytes failed: Seule une partie d’une requête ReadProcessMemory ou WriteProcessMemory a été effectuée. (0x12B)
[1004/132613.441:ERROR:process_memory_win.cc(73)] ReadMemory at 0x49f0000 of 3992 bytes failed: Seule une partie d’une requête ReadProcessMemory ou WriteProcessMemory a été effectuée. (0x12B)
[1004/132613.441:ERROR:process_memory_win.cc(73)] ReadMemory at 0x49f3000 of 3992 bytes failed: Seule une partie d’une requête ReadProcessMemory ou WriteProcessMemory a été effectuée. (0x12B)
[1004/132613.441:ERROR:process_memory_win.cc(73)] ReadMemory at 0x49f6000 of 3992 bytes failed: Seule une partie d’une requête ReadProcessMemory ou WriteProcessMemory a été effectuée. (0x12B)
[1004/132613.463:ERROR:process_memory_win.cc(73)] ReadMemory at 0x49f9000 of 3992 bytes failed: Seule une partie d’une requête ReadProcessMemory ou WriteProcessMemory a été effectuée. (0x12B)
[1004/132613.463:ERROR:process_memory_win.cc(73)] ReadMemory at 0x49fc000 of 3992 bytes failed: Seule une partie d’une requête ReadProcessMemory ou WriteProcessMemory a été effectuée. (0x12B)
[1004/132613.463:ERROR:process_memory_win.cc(73)] ReadMemory at 0x49ff000 of 3992 bytes failed: Seule une partie d’une requête ReadProcessMemory ou WriteProcessMemory a été effectuée. (0x12B)
[1004/132613.463:ERROR:process_memory_win.cc(73)] ReadMemory at 0x4b00af0 of 5290 bytes failed: Seule une partie d’une requête ReadProcessMemory ou WriteProcessMemory a été effectuée. (0x12B)
[1004/132613.463:ERROR:process_memory_win.cc(73)] ReadMemory at 0x4b01fa8 of 660 bytes failed: Seule une partie d’une requête ReadProcessMemory ou WriteProcessMemory a été effectuée. (0x12B)
[1004/132613.463:ERROR:process_memory_win.cc(73)] ReadMemory at 0x4b0246c of 118 bytes failed: Seule une partie d’une requête ReadProcessMemory ou WriteProcessMemory a été effectuée. (0x12B)
[1004/132613.479:ERROR:process_memory_win.cc(73)] ReadMemory at 0x4b024e4 of 1168 bytes failed: Seule une partie d’une requête ReadProcessMemory ou WriteProcessMemory a été effectuée. (0x12B)
[1004/132613.479:ERROR:process_memory_win.cc(73)] ReadMemory at 0x4b02976 of 118 bytes failed: Seule une partie d’une requête ReadProcessMemory ou WriteProcessMemory a été effectuée. (0x12B)
[1004/132613.479:ERROR:process_memory_win.cc(73)] ReadMemory at 0x4b029ee of 96 bytes failed: Seule une partie d’une requête ReadProcessMemory ou WriteProcessMemory a été effectuée. (0x12B)
[1004/132613.479:ERROR:process_memory_win.cc(73)] ReadMemory at 0x4b03f08 of 58 bytes failed: Seule une partie d’une requête ReadProcessMemory ou WriteProcessMemory a été effectuée. (0x12B)
[1004/132613.479:ERROR:process_memory_win.cc(73)] ReadMemory at 0x4b03ff8 of 72 bytes failed: Seule une partie d’une requête ReadProcessMemory ou WriteProcessMemory a été effectuée. (0x12B)
[1004/132613.479:ERROR:process_memory_win.cc(73)] ReadMemory at 0x4b040e0 of 72 bytes failed: Seule une partie d’une requête ReadProcessMemory ou WriteProcessMemory a été effectuée. (0x12B)
[1004/132613.479:ERROR:process_memory_win.cc(73)] ReadMemory at 0x4b041e0 of 126 bytes failed: Seule une partie d’une requête ReadProcessMemory ou WriteProcessMemory a été effectuée. (0x12B)
[1004/132613.479:ERROR:process_memory_win.cc(73)] ReadMemory at 0x4b04848 of 72 bytes failed: Seule une partie d’une requête ReadProcessMemory ou WriteProcessMemory a été effectuée. (0x12B)
[1004/132613.479:ERROR:process_memory_win.cc(73)] ReadMemory at 0x4b04930 of 64 bytes failed: Seule une partie d’une requête ReadProcessMemory ou WriteProcessMemory a été effectuée. (0x12B)
[1004/132613.479:ERROR:process_memory_win.cc(73)] ReadMemory at 0x4b04ba8 of 72 bytes failed: Seule une partie d’une requête ReadProcessMemory ou WriteProcessMemory a été effectuée. (0x12B)
[1004/132613.526:ERROR:process_memory_win.cc(73)] ReadMemory at 0x4b04c90 of 68 bytes failed: Seule une partie d’une requête ReadProcessMemory ou WriteProcessMemory a été effectuée. (0x12B)
[1004/132613.526:ERROR:process_memory_win.cc(73)] ReadMemory at 0x4b072d0 of 72 bytes failed: Seule une partie d’une requête ReadProcessMemory ou WriteProcessMemory a été effectuée. (0x12B)
[1004/132613.526:ERROR:process_memory_win.cc(73)] ReadMemory at 0x4b07380 of 72 bytes failed: Seule une partie d’une requête ReadProcessMemory ou WriteProcessMemory a été effectuée. (0x12B)
[1004/132613.526:ERROR:process_memory_win.cc(73)] ReadMemory at 0x4b07430 of 154 bytes failed: Seule une partie d’une requête ReadProcessMemory ou WriteProcessMemory a été effectuée. (0x12B)
[1004/132613.526:ERROR:process_memory_win.cc(73)] ReadMemory at 0x4b0c150 of 60 bytes failed: Seule une partie d’une requête ReadProcessMemory ou WriteProcessMemory a été effectuée. (0x12B)
[1004/132613.541:ERROR:process_memory_win.cc(73)] ReadMemory at 0x4b0c1b0 of 62 bytes failed: Seule une partie d’une requête ReadProcessMemory ou WriteProcessMemory a été effectuée. (0x12B)
[1004/132613.541:ERROR:process_memory_win.cc(73)] ReadMemory at 0x4b0c288 of 72 bytes failed: Seule une partie d’une requête ReadProcessMemory ou WriteProcessMemory a été effectuée. (0x12B)
[1004/132613.541:ERROR:process_memory_win.cc(73)] ReadMemory at 0x4b13568 of 62 bytes failed: Seule une partie d’une requête ReadProcessMemory ou WriteProcessMemory a été effectuée. (0x12B)
[1004/132613.541:ERROR:process_memory_win.cc(73)] ReadMemory at 0x4b137f0 of 62 bytes failed: Seule une partie d’une requête ReadProcessMemory ou WriteProcessMemory a été effectuée. (0x12B)
[1004/132613.541:ERROR:process_memory_win.cc(73)] ReadMemory at 0x4b13b60 of 512 bytes failed: Seule une partie d’une requête ReadProcessMemory ou WriteProcessMemory a été effectuée. (0x12B)
[1004/132613.541:ERROR:process_memory_win.cc(73)] ReadMemory at 0x4b14438 of 72 bytes failed: Seule une partie d’une requête ReadProcessMemory ou WriteProcessMemory a été effectuée. (0x12B)
[1004/132613.541:ERROR:process_memory_win.cc(73)] ReadMemory at 0x4b14528 of 72 bytes failed: Seule une partie d’une requête ReadProcessMemory ou WriteProcessMemory a été effectuée. (0x12B)
[1004/132613.541:ERROR:process_memory_win.cc(73)] ReadMemory at 0x4b145d8 of 80 bytes failed: Seule une partie d’une requête ReadProcessMemory ou WriteProcessMemory a été effectuée. (0x12B)
[1004/132613.541:ERROR:process_memory_win.cc(73)] ReadMemory at 0x4b14638 of 72 bytes failed: Seule une partie d’une requête ReadProcessMemory ou WriteProcessMemory a été effectuée. (0x12B)
[1004/132613.541:ERROR:process_memory_win.cc(73)] ReadMemory at 0x4b148e0 of 72 bytes failed: Seule une partie d’une requête ReadProcessMemory ou WriteProcessMemory a été effectuée. (0x12B)
[1004/132613.541:ERROR:process_memory_win.cc(73)] ReadMemory at 0x4b14e40 of 72 bytes failed: Seule une partie d’une requête ReadProcessMemory ou WriteProcessMemory a été effectuée. (0x12B)
[1004/132613.541:ERROR:process_memory_win.cc(73)] ReadMemory at 0x4b14ef0 of 146 bytes failed: Seule une partie d’une requête ReadProcessMemory ou WriteProcessMemory a été effectuée. (0x12B)
[1004/132613.541:ERROR:process_memory_win.cc(73)] ReadMemory at 0x4b14f90 of 64 bytes failed: Seule une partie d’une requête ReadProcessMemory ou WriteProcessMemory a été effectuée. (0x12B)
[1004/132613.541:ERROR:process_memory_win.cc(73)] ReadMemory at 0x4b168c0 of 66 bytes failed: Seule une partie d’une requête ReadProcessMemory ou WriteProcessMemory a été effectuée. (0x12B)
[1004/132613.541:ERROR:process_memory_win.cc(73)] ReadMemory at 0x4b16c28 of 64 bytes failed: Seule une partie d’une requête ReadProcessMemory ou WriteProcessMemory a été effectuée. (0x12B)
[1004/132613.541:ERROR:process_memory_win.cc(73)] ReadMemory at 0x4b16d08 of 72 bytes failed: Seule une partie d’une requête ReadProcessMemory ou WriteProcessMemory a été effectuée. (0x12B)
[1004/132613.541:ERROR:process_memory_win.cc(73)] ReadMemory at 0x4b181d0 of 72 bytes failed: Seule une partie d’une requête ReadProcessMemory ou WriteProcessMemory a été effectuée. (0x12B)
[1004/132613.541:ERROR:process_memory_win.cc(73)] ReadMemory at 0x4b18280 of 72 bytes failed: Seule une partie d’une requête ReadProcessMemory ou WriteProcessMemory a été effectuée. (0x12B)
[1004/132613.541:ERROR:process_memory_win.cc(73)] ReadMemory at 0x4b18330 of 72 bytes failed: Seule une partie d’une requête ReadProcessMemory ou WriteProcessMemory a été effectuée. (0x12B)
[1004/132613.541:ERROR:process_memory_win.cc(73)] ReadMemory at 0x4b183e0 of 72 bytes failed: Seule une partie d’une requête ReadProcessMemory ou WriteProcessMemory a été effectuée. (0x12B)
[1004/132613.541:ERROR:process_memory_win.cc(73)] ReadMemory at 0x4b18490 of 72 bytes failed: Seule une partie d’une requête ReadProcessMemory ou WriteProcessMemory a été effectuée. (0x12B)
[1004/132613.541:ERROR:process_memory_win.cc(73)] ReadMemory at 0x4b18540 of 72 bytes failed: Seule une partie d’une requête ReadProcessMemory ou WriteProcessMemory a été effectuée. (0x12B)
[1004/132613.541:ERROR:process_memory_win.cc(73)] ReadMemory at 0x4b185f0 of 72 bytes failed: Seule une partie d’une requête ReadProcessMemory ou WriteProcessMemory a été effectuée. (0x12B)
[1004/132613.541:ERROR:process_memory_win.cc(73)] ReadMemory at 0x4b186a0 of 72 bytes failed: Seule une partie d’une requête ReadProcessMemory ou WriteProcessMemory a été effectuée. (0x12B)
[1004/132613.541:ERROR:process_memory_win.cc(73)] ReadMemory at 0x4b18800 of 72 bytes failed: Seule une partie d’une requête ReadProcessMemory ou WriteProcessMemory a été effectuée. (0x12B)
[1004/132613.541:ERROR:process_memory_win.cc(73)] ReadMemory at 0x4b188b0 of 72 bytes failed: Seule une partie d’une requête ReadProcessMemory ou WriteProcessMemory a été effectuée. (0x12B)
[1004/132613.541:ERROR:process_memory_win.cc(73)] ReadMemory at 0x4b18960 of 72 bytes failed: Seule une partie d’une requête ReadProcessMemory ou WriteProcessMemory a été effectuée. (0x12B)
[1004/132613.541:ERROR:process_memory_win.cc(73)] ReadMemory at 0x4b18a10 of 72 bytes failed: Seule une partie d’une requête ReadProcessMemory ou WriteProcessMemory a été effectuée. (0x12B)
[1004/132613.541:ERROR:process_memory_win.cc(73)] ReadMemory at 0x4b18ac0 of 72 bytes failed: Seule une partie d’une requête ReadProcessMemory ou WriteProcessMemory a été effectuée. (0x12B)
[1004/132613.541:ERROR:process_memory_win.cc(73)] ReadMemory at 0x4b18b70 of 72 bytes failed: Seule une partie d’une requête ReadProcessMemory ou WriteProcessMemory a été effectuée. (0x12B)
[1004/132613.541:ERROR:process_memory_win.cc(73)] ReadMemory at 0x4b18c20 of 72 bytes failed: Seule une partie d’une requête ReadProcessMemory ou WriteProcessMemory a été effectuée. (0x12B)
[1004/132613.541:ERROR:process_memory_win.cc(73)] ReadMemory at 0x4b18d80 of 72 bytes failed: Seule une partie d’une requête ReadProcessMemory ou WriteProcessMemory a été effectuée. (0x12B)
[1004/132613.557:ERROR:process_memory_win.cc(73)] ReadMemory at 0x4b18e30 of 72 bytes failed: Seule une partie d’une requête ReadProcessMemory ou WriteProcessMemory a été effectuée. (0x12B)
[1004/132613.557:ERROR:process_memory_win.cc(73)] ReadMemory at 0x4b18ee0 of 72 bytes failed: Seule une partie d’une requête ReadProcessMemory ou WriteProcessMemory a été effectuée. (0x12B)
[1004/132613.557:ERROR:process_memory_win.cc(73)] ReadMemory at 0x4b18f90 of 72 bytes failed: Seule une partie d’une requête ReadProcessMemory ou WriteProcessMemory a été effectuée. (0x12B)
[1004/132613.557:ERROR:process_memory_win.cc(73)] ReadMemory at 0x4b190f0 of 72 bytes failed: Seule une partie d’une requête ReadProcessMemory ou WriteProcessMemory a été effectuée. (0x12B)
[1004/132613.557:ERROR:process_memory_win.cc(73)] ReadMemory at 0x4b19b08 of 64 bytes failed: Seule une partie d’une requête ReadProcessMemory ou WriteProcessMemory a été effectuée. (0x12B)
[1004/132613.557:ERROR:process_memory_win.cc(73)] ReadMemory at 0x4b19e40 of 54 bytes failed: Seule une partie d’une requête ReadProcessMemory ou WriteProcessMemory a été effectuée. (0x12B)
[1004/132613.557:ERROR:process_memory_win.cc(73)] ReadMemory at 0x4b1b538 of 72 bytes failed: Seule une partie d’une requête ReadProcessMemory ou WriteProcessMemory a été effectuée. (0x12B)
[1004/132613.557:ERROR:process_memory_win.cc(73)] ReadMemory at 0x4b1b8a0 of 72 bytes failed: Seule une partie d’une requête ReadProcessMemory ou WriteProcessMemory a été effectuée. (0x12B)
[1004/132613.557:ERROR:process_memory_win.cc(73)] ReadMemory at 0x4b1b9e0 of 72 bytes failed: Seule une partie d’une requête ReadProcessMemory ou WriteProcessMemory a été effectuée. (0x12B)
[1004/132613.557:ERROR:process_memory_win.cc(73)] ReadMemory at 0x4b1bbc8 of 72 bytes failed: Seule une partie d’une requête ReadProcessMemory ou WriteProcessMemory a été effectuée. (0x12B)
[1004/132613.557:ERROR:process_memory_win.cc(73)] ReadMemory at 0x4b1bd30 of 64 bytes failed: Seule une partie d’une requête ReadProcessMemory ou WriteProcessMemory a été effectuée. (0x12B)
[1004/132613.557:ERROR:process_memory_win.cc(73)] ReadMemory at 0x4b1d4d8 of 64 bytes failed: Seule une partie d’une requête ReadProcessMemory ou WriteProcessMemory a été effectuée. (0x12B)
[1004/132613.557:ERROR:process_memory_win.cc(73)] ReadMemory at 0x4b1e320 of 60 bytes failed: Seule une partie d’une requête ReadProcessMemory ou WriteProcessMemory a été effectuée. (0x12B)
[1004/132613.557:ERROR:process_memory_win.cc(73)] ReadMemory at 0x4b1e368 of 62 bytes failed: Seule une partie d’une requête ReadProcessMemory ou WriteProcessMemory a été effectuée. (0x12B)
[1004/132613.557:ERROR:process_memory_win.cc(73)] ReadMemory at 0x4b1e3b0 of 60 bytes failed: Seule une partie d’une requête ReadProcessMemory ou WriteProcessMemory a été effectuée. (0x12B)
[1004/132613.557:ERROR:process_memory_win.cc(73)] ReadMemory at 0x4b1e3f8 of 62 bytes failed: Seule une partie d’une requête ReadProcessMemory ou WriteProcessMemory a été effectuée. (0x12B)
[1004/132613.557:ERROR:process_memory_win.cc(73)] ReadMemory at 0x4b1e5a8 of 60 bytes failed: Seule une partie d’une requête ReadProcessMemory ou WriteProcessMemory a été effectuée. (0x12B)
[1004/132613.557:ERROR:process_memory_win.cc(73)] ReadMemory at 0x4b1e5f0 of 58 bytes failed: Seule une partie d’une requête ReadProcessMemory ou WriteProcessMemory a été effectuée. (0x12B)
[1004/132613.557:ERROR:process_memory_win.cc(73)] ReadMemory at 0x4b1e638 of 58 bytes failed: Seule une partie d’une requête ReadProcessMemory ou WriteProcessMemory a été effectuée. (0x12B)
[1004/132613.557:ERROR:process_memory_win.cc(73)] ReadMemory at 0x4b1e680 of 62 bytes failed: Seule une partie d’une requête ReadProcessMemory ou WriteProcessMemory a été effectuée. (0x12B)
[1004/132613.557:ERROR:process_memory_win.cc(73)] ReadMemory at 0x4b1e710 of 60 bytes failed: Seule une partie d’une requête ReadProcessMemory ou WriteProcessMemory a été effectuée. (0x12B)
[1004/132613.557:ERROR:process_memory_win.cc(73)] ReadMemory at 0x4b1e758 of 62 bytes failed: Seule une partie d’une requête ReadProcessMemory ou WriteProcessMemory a été effectuée. (0x12B)
[1004/132613.557:ERROR:process_memory_win.cc(73)] ReadMemory at 0x4b1e8c0 of 60 bytes failed: Seule une partie d’une requête ReadProcessMemory ou WriteProcessMemory a été effectuée. (0x12B)
[1004/132613.557:ERROR:process_memory_win.cc(73)] ReadMemory at 0x4b1e908 of 58 bytes failed: Seule une partie d’une requête ReadProcessMemory ou WriteProcessMemory a été effectuée. (0x12B)
[1004/132613.557:ERROR:process_memory_win.cc(73)] ReadMemory at 0x4b1e950 of 58 bytes failed: Seule une partie d’une requête ReadProcessMemory ou WriteProcessMemory a été effectuée. (0x12B)
[1004/132613.557:ERROR:process_memory_win.cc(73)] ReadMemory at 0x4b1ea28 of 62 bytes failed: Seule une partie d’une requête ReadProcessMemory ou WriteProcessMemory a été effectuée. (0x12B)
[1004/132613.557:ERROR:process_memory_win.cc(73)] ReadMemory at 0x4b1eab8 of 62 bytes failed: Seule une partie d’une requête ReadProcessMemory ou WriteProcessMemory a été effectuée. (0x12B)
[1004/132613.557:ERROR:process_memory_win.cc(73)] ReadMemory at 0x4b1eb90 of 62 bytes failed: Seule une partie d’une requête ReadProcessMemory ou WriteProcessMemory a été effectuée. (0x12B)
[1004/132613.557:ERROR:process_memory_win.cc(73)] ReadMemory at 0x4b1ec20 of 62 bytes failed: Seule une partie d’une requête ReadProcessMemory ou WriteProcessMemory a été effectuée. (0x12B)
[1004/132613.557:ERROR:process_memory_win.cc(73)] ReadMemory at 0x4b1ec68 of 60 bytes failed: Seule une partie d’une requête ReadProcessMemory ou WriteProcessMemory a été effectuée. (0x12B)
[1004/132613.557:ERROR:process_memory_win.cc(73)] ReadMemory at 0x4b1edd0 of 58 bytes failed: Seule une partie d’une requête ReadProcessMemory ou WriteProcessMemory a été effectuée. (0x12B)
[1004/132613.563:ERROR:process_memory_win.cc(73)] ReadMemory at 0x4b1eea8 of 62 bytes failed: Seule une partie d’une requête ReadProcessMemory ou WriteProcessMemory a été effectuée. (0x12B)
[1004/132613.563:ERROR:process_memory_win.cc(73)] ReadMemory at 0x4b1f058 of 60 bytes failed: Seule une partie d’une requête ReadProcessMemory ou WriteProcessMemory a été effectuée. (0x12B)
[1004/132613.563:ERROR:process_memory_win.cc(73)] ReadMemory at 0x4b1f0a0 of 62 bytes failed: Seule une partie d’une requête ReadProcessMemory ou WriteProcessMemory a été effectuée. (0x12B)
[1004/132613.563:ERROR:process_memory_win.cc(73)] ReadMemory at 0x4b1f0e8 of 60 bytes failed: Seule une partie d’une requête ReadProcessMemory ou WriteProcessMemory a été effectuée. (0x12B)
[1004/132613.563:ERROR:process_memory_win.cc(73)] ReadMemory at 0x4b1f130 of 62 bytes failed: Seule une partie d’une requête ReadProcessMemory ou WriteProcessMemory a été effectuée. (0x12B)
[1004/132613.563:ERROR:process_memory_win.cc(73)] ReadMemory at 0x4b1f268 of 72 bytes failed: Seule une partie d’une requête ReadProcessMemory ou WriteProcessMemory a été effectuée. (0x12B)
[1004/132613.563:ERROR:process_memory_win.cc(73)] ReadMemory at 0x4b1f428 of 66 bytes failed: Seule une partie d’une requête ReadProcessMemory ou WriteProcessMemory a été effectuée. (0x12B)
[1004/132613.563:ERROR:process_memory_win.cc(73)] ReadMemory at 0x4b1fa78 of 78 bytes failed: Seule une partie d’une requête ReadProcessMemory ou WriteProcessMemory a été effectuée. (0x12B)
[1004/132613.563:ERROR:process_memory_win.cc(73)] ReadMemory at 0x4b1fb28 of 76 bytes failed: Seule une partie d’une requête ReadProcessMemory ou WriteProcessMemory a été effectuée. (0x12B)
[1004/132613.563:ERROR:process_memory_win.cc(73)] ReadMemory at 0x4b22698 of 80 bytes failed: Seule une partie d’une requête ReadProcessMemory ou WriteProcessMemory a été effectuée. (0x12B)
[1004/132613.563:ERROR:process_memory_win.cc(73)] ReadMemory at 0x4b22940 of 66 bytes failed: Seule une partie d’une requête ReadProcessMemory ou WriteProcessMemory a été effectuée. (0x12B)
[1004/132613.563:ERROR:process_memory_win.cc(73)] ReadMemory at 0x4b22a80 of 64 bytes failed: Seule une partie d’une requête ReadProcessMemory ou WriteProcessMemory a été effectuée. (0x12B)
[1004/132613.563:ERROR:process_memory_win.cc(73)] ReadMemory at 0x4b22b70 of 64 bytes failed: Seule une partie d’une requête ReadProcessMemory ou WriteProcessMemory a été effectuée. (0x12B)
[1004/132613.563:ERROR:process_memory_win.cc(73)] ReadMemory at 0x4b22bc0 of 64 bytes failed: Seule une partie d’une requête ReadProcessMemory ou WriteProcessMemory a été effectuée. (0x12B)
[1004/132613.563:ERROR:process_memory_win.cc(73)] ReadMemory at 0x4b22c10 of 66 bytes failed: Seule une partie d’une requête ReadProcessMemory ou WriteProcessMemory a été effectuée. (0x12B)
[1004/132613.563:ERROR:process_memory_win.cc(73)] ReadMemory at 0x4b23df0 of 72 bytes failed: Seule une partie d’une requête ReadProcessMemory ou WriteProcessMemory a été effectuée. (0x12B)
[1004/132613.563:ERROR:process_memory_win.cc(73)] ReadMemory at 0x4b23f50 of 72 bytes failed: Seule une partie d’une requête ReadProcessMemory ou WriteProcessMemory a été effectuée. (0x12B)
[1004/132613.563:ERROR:process_memory_win.cc(73)] ReadMemory at 0x4b24000 of 72 bytes failed: Seule une partie d’une requête ReadProcessMemory ou WriteProcessMemory a été effectuée. (0x12B)
[1004/132613.563:ERROR:process_memory_win.cc(73)] ReadMemory at 0x4b240b0 of 72 bytes failed: Seule une partie d’une requête ReadProcessMemory ou WriteProcessMemory a été effectuée. (0x12B)
[1004/132613.563:ERROR:process_memory_win.cc(73)] ReadMemory at 0x4b24210 of 72 bytes failed: Seule une partie d’une requête ReadProcessMemory ou WriteProcessMemory a été effectuée. (0x12B)
[1004/132613.563:ERROR:process_memory_win.cc(73)] ReadMemory at 0x4b242c0 of 72 bytes failed: Seule une partie d’une requête ReadProcessMemory ou WriteProcessMemory a été effectuée. (0x12B)
[1004/132613.563:ERROR:process_memory_win.cc(73)] ReadMemory at 0x4b244d0 of 72 bytes failed: Seule une partie d’une requête ReadProcessMemory ou WriteProcessMemory a été effectuée. (0x12B)
[1004/132613.563:ERROR:process_memory_win.cc(73)] ReadMemory at 0x4b24580 of 72 bytes failed: Seule une partie d’une requête ReadProcessMemory ou WriteProcessMemory a été effectuée. (0x12B)
[1004/132613.563:ERROR:process_memory_win.cc(73)] ReadMemory at 0x4b24840 of 72 bytes failed: Seule une partie d’une requête ReadProcessMemory ou WriteProcessMemory a été effectuée. (0x12B)
[1004/132613.563:ERROR:process_memory_win.cc(73)] ReadMemory at 0x4b249a0 of 72 bytes failed: Seule une partie d’une requête ReadProcessMemory ou WriteProcessMemory a été effectuée. (0x12B)
[1004/132613.563:ERROR:process_memory_win.cc(73)] ReadMemory at 0x4b24a50 of 72 bytes failed: Seule une partie d’une requête ReadProcessMemory ou WriteProcessMemory a été effectuée. (0x12B)
[1004/132613.563:ERROR:process_memory_win.cc(73)] ReadMemory at 0x4b24c60 of 72 bytes failed: Seule une partie d’une requête ReadProcessMemory ou WriteProcessMemory a été effectuée. (0x12B)
[1004/132613.563:ERROR:process_memory_win.cc(73)] ReadMemory at 0x4b24d10 of 72 bytes failed: Seule une partie d’une requête ReadProcessMemory ou WriteProcessMemory a été effectuée. (0x12B)
[1004/132613.563:ERROR:process_memory_win.cc(73)] ReadMemory at 0x4b24dc0 of 72 bytes failed: Seule une partie d’une requête ReadProcessMemory ou WriteProcessMemory a été effectuée. (0x12B)
[1004/132613.563:ERROR:process_memory_win.cc(73)] ReadMemory at 0x4b34338 of 64 bytes failed: Seule une partie d’une requête ReadProcessMemory ou WriteProcessMemory a été effectuée. (0x12B)
[1004/132613.563:ERROR:process_memory_win.cc(73)] ReadMemory at 0x4b7b560 of 528 bytes failed: Seule une partie d’une requête ReadProcessMemory ou WriteProcessMemory a été effectuée. (0x12B)
[1004/132613.563:ERROR:process_memory_win.cc(73)] ReadMemory at 0x4b7e3d8 of 512 bytes failed: Seule une partie d’une requête ReadProcessMemory ou WriteProcessMemory a été effectuée. (0x12B)
[1004/132613.563:ERROR:process_memory_win.cc(73)] ReadMemory at 0x4b8d070 of 512 bytes failed: Seule une partie d’une requête ReadProcessMemory ou WriteProcessMemory a été effectuée. (0x12B)
[1004/132613.563:ERROR:process_memory_win.cc(73)] ReadMemory at 0x6e3e9fc of 622 bytes failed: Seule une partie d’une requête ReadProcessMemory ou WriteProcessMemory a été effectuée. (0x12B)
[1004/132613.563:ERROR:process_memory_win.cc(73)] ReadMemory at 0x76224442 of 512 bytes failed: Seule une partie d’une requête ReadProcessMemory ou WriteProcessMemory a été effectuée. (0x12B)
[1004/132613.563:ERROR:process_memory_win.cc(73)] ReadMemory at 0x77389270 of 18 bytes failed: Seule une partie d’une requête ReadProcessMemory ou WriteProcessMemory a été effectuée. (0x12B)
[1004/132613.563:ERROR:process_memory_win.cc(73)] ReadMemory at 0x773d63e0 of 512 bytes failed: Seule une partie d’une requête ReadProcessMemory ou WriteProcessMemory a été effectuée. (0x12B)
[1004/132613.563:ERROR:process_memory_win.cc(73)] ReadMemory at 0x773f1dcc of 592 bytes failed: Seule une partie d’une requête ReadProcessMemory ou WriteProcessMemory a été effectuée. (0x12B)
[1004/132613.563:ERROR:process_memory_win.cc(73)] ReadMemory at 0x773f20ec of 512 bytes failed: Seule une partie d’une requête ReadProcessMemory ou WriteProcessMemory a été effectuée. (0x12B)
[1004/132613.563:ERROR:process_memory_win.cc(73)] ReadMemory at 0x773f3a4c of 560 bytes failed: Seule une partie d’une requête ReadProcessMemory ou WriteProcessMemory a été effectuée. (0x12B)
[1004/132613.563:ERROR:process_memory_win.cc(73)] ReadMemory at 0x7749b3d0 of 24 bytes failed: Seule une partie d’une requête ReadProcessMemory ou WriteProcessMemory a été effectuée. (0x12B)
[1004/132613.563:ERROR:process_memory_win.cc(73)] ReadMemory at 0x7749b76c of 32 bytes failed: Seule une partie d’une requête ReadProcessMemory ou WriteProcessMemory a été effectuée. (0x12B)
[1004/132613.563:ERROR:process_memory_win.cc(73)] ReadMemory at 0x7749dca0 of 36 bytes failed: Seule une partie d’une requête ReadProcessMemory ou WriteProcessMemory a été effectuée. (0x12B)
[1004/132613.563:ERROR:scoped_process_suspend.cc(40)] NtResumeProcess: Tentative d’accès à un processus en cours d’arrêt. (0xc000010a)
[1219/135515.612:ERROR:directory_reader_win.cc(43)] FindFirstFile: Le chemin d’accès spécifié est introuvable. (0x3)
[1224/120935.038:ERROR:directory_reader_win.cc(43)] FindFirstFile: Le chemin d’accès spécifié est introuvable. (0x3)
[1224/124144.371:ERROR:directory_reader_win.cc(43)] FindFirstFile: Le chemin d’accès spécifié est introuvable. (0x3)
